<?xml version="1.0" encoding="UTF-8"?>
<testng-results ignored="0" total="0" passed="0" failed="0" skipped="0">
  <reporter-output>
  </reporter-output>
  <suite started-at="2022-11-12T21:30:04 EET" name="Default suite" finished-at="2022-11-12T21:30:05 EET" duration-ms="399">
    <groups>
      <group name="cucumber">
        <method signature="AbstractTestNGCucumberTests.runScenario(io.cucumber.testng.PickleWrapper,io.cucumber.testng.FeatureWrapper)[pri:0, instance:runner.TestRunner@15043a2f]" name="runScenario" class="io.cucumber.testng.AbstractTestNGCucumberTests"/>
      </group> <!-- cucumber -->
    </groups>
    <test started-at="2022-11-12T21:30:04 EET" name="Default test" finished-at="2022-11-12T21:30:05 EET" duration-ms="399">
      <class name="runner.TestRunner">
        <test-method is-config="true" signature="startdriver()[pri:0, instance:runner.TestRunner@15043a2f]" started-at="2022-11-12T21:30:01 EET" name="startdriver" finished-at="2022-11-12T21:30:04 EET" duration-ms="3226" status="PASS">
          <reporter-output>
          </reporter-output>
        </test-method> <!-- startdriver -->
        <test-method is-config="true" signature="setUpClass(org.testng.ITestContext)[pri:0, instance:runner.TestRunner@15043a2f]" started-at="2022-11-12T21:30:04 EET" name="setUpClass" finished-at="2022-11-12T21:30:05 EET" duration-ms="351" status="PASS">
          <params>
            <param index="0">
              <value>
                <![CDATA[org.testng.TestRunner@3078cac]]>
              </value>
            </param>
          </params>
          <reporter-output>
          </reporter-output>
        </test-method> <!-- setUpClass -->
        <test-method is-config="true" signature="tearDownClass()[pri:0, instance:runner.TestRunner@15043a2f]" started-at="2022-11-12T21:30:05 EET" name="tearDownClass" finished-at="2022-11-12T21:30:05 EET" duration-ms="27" status="PASS">
          <reporter-output>
          </reporter-output>
        </test-method> <!-- tearDownClass -->
        <test-method is-config="true" signature="stopdriver()[pri:0, instance:runner.TestRunner@15043a2f]" started-at="2022-11-12T21:30:05 EET" name="stopdriver" finished-at="2022-11-12T21:30:05 EET" duration-ms="677" status="PASS">
          <reporter-output>
          </reporter-output>
        </test-method> <!-- stopdriver -->
      </class> <!-- runner.TestRunner -->
    </test> <!-- Default test -->
  </suite> <!-- Default suite -->
</testng-results>
